mode: set
cjwt/opaque/json_utils.go:8.60,9.20 1 0
cjwt/opaque/json_utils.go:9.20,11.3 1 0
cjwt/opaque/json_utils.go:14.2,14.28 1 0
cjwt/opaque/json_utils.go:14.28,16.3 1 0
cjwt/opaque/json_utils.go:18.2,18.37 1 0
cjwt/opaque/memory_storage.go:16.40,20.2 1 1
cjwt/opaque/memory_storage.go:23.96,28.9 3 1
cjwt/opaque/memory_storage.go:29.20,30.19 1 1
cjwt/opaque/memory_storage.go:31.10,31.10 0 1
cjwt/opaque/memory_storage.go:34.2,35.12 2 1
cjwt/opaque/memory_storage.go:39.91,44.9 3 1
cjwt/opaque/memory_storage.go:45.20,46.24 1 1
cjwt/opaque/memory_storage.go:47.10,47.10 0 1
cjwt/opaque/memory_storage.go:50.2,51.13 2 1
cjwt/opaque/memory_storage.go:51.13,56.3 1 1
cjwt/opaque/memory_storage.go:59.2,60.23 2 1
cjwt/opaque/memory_storage.go:64.97,69.9 3 1
cjwt/opaque/memory_storage.go:70.20,71.19 1 0
cjwt/opaque/memory_storage.go:72.10,72.10 0 1
cjwt/opaque/memory_storage.go:75.2,76.13 2 1
cjwt/opaque/memory_storage.go:76.13,81.3 1 1
cjwt/opaque/memory_storage.go:83.2,84.12 2 1
cjwt/opaque/memory_storage.go:88.74,93.9 3 1
cjwt/opaque/memory_storage.go:94.20,95.19 1 0
cjwt/opaque/memory_storage.go:96.10,96.10 0 1
cjwt/opaque/memory_storage.go:99.2,100.13 2 1
cjwt/opaque/memory_storage.go:100.13,105.3 1 1
cjwt/opaque/memory_storage.go:107.2,108.12 2 1
cjwt/opaque/memory_storage.go:112.102,117.9 3 1
cjwt/opaque/memory_storage.go:118.20,119.24 1 1
cjwt/opaque/memory_storage.go:120.10,120.10 0 1
cjwt/opaque/memory_storage.go:123.2,126.33 3 1
cjwt/opaque/memory_storage.go:126.33,128.60 1 1
cjwt/opaque/memory_storage.go:128.60,129.12 1 1
cjwt/opaque/memory_storage.go:132.3,132.66 1 1
cjwt/opaque/memory_storage.go:132.66,133.12 1 1
cjwt/opaque/memory_storage.go:136.3,136.64 1 1
cjwt/opaque/memory_storage.go:136.64,137.12 1 1
cjwt/opaque/memory_storage.go:141.3,141.51 1 1
cjwt/opaque/memory_storage.go:141.51,143.12 2 0
cjwt/opaque/memory_storage.go:146.3,146.57 1 1
cjwt/opaque/memory_storage.go:146.57,147.9 1 1
cjwt/opaque/memory_storage.go:151.3,153.10 3 1
cjwt/opaque/memory_storage.go:156.2,156.21 1 1
cjwt/opaque/memory_storage.go:160.75,165.9 3 1
cjwt/opaque/memory_storage.go:166.20,167.22 1 0
cjwt/opaque/memory_storage.go:168.10,168.10 0 1
cjwt/opaque/memory_storage.go:171.2,174.37 3 1
cjwt/opaque/memory_storage.go:174.37,175.32 1 1
cjwt/opaque/memory_storage.go:175.32,178.4 2 1
cjwt/opaque/memory_storage.go:181.2,181.26 1 1
cjwt/opaque/memory_storage.go:185.40,189.2 1 1
cjwt/opaque/memory_storage.go:192.60,200.33 6 1
cjwt/opaque/memory_storage.go:200.33,201.32 1 1
cjwt/opaque/memory_storage.go:201.32,203.4 1 1
cjwt/opaque/memory_storage.go:203.9,203.27 1 1
cjwt/opaque/memory_storage.go:203.27,205.4 1 1
cjwt/opaque/memory_storage.go:208.2,213.3 1 1
cjwt/opaque/mysql_storage.go:18.68,30.16 3 0
cjwt/opaque/mysql_storage.go:30.16,36.3 1 0
cjwt/opaque/mysql_storage.go:39.2,39.29 1 0
cjwt/opaque/mysql_storage.go:39.29,41.3 1 0
cjwt/opaque/mysql_storage.go:42.2,42.29 1 0
cjwt/opaque/mysql_storage.go:42.29,44.3 1 0
cjwt/opaque/mysql_storage.go:45.2,45.32 1 0
cjwt/opaque/mysql_storage.go:45.32,47.3 1 0
cjwt/opaque/mysql_storage.go:50.2,50.34 1 0
cjwt/opaque/mysql_storage.go:50.34,56.3 1 0
cjwt/opaque/mysql_storage.go:58.2,59.28 2 0
cjwt/opaque/mysql_storage.go:59.28,61.3 1 0
cjwt/opaque/mysql_storage.go:63.2,69.46 2 0
cjwt/opaque/mysql_storage.go:69.46,71.3 1 0
cjwt/opaque/mysql_storage.go:73.2,73.21 1 0
cjwt/opaque/mysql_storage.go:77.45,100.16 3 0
cjwt/opaque/mysql_storage.go:100.16,106.3 1 0
cjwt/opaque/mysql_storage.go:108.2,108.12 1 0
cjwt/opaque/mysql_storage.go:112.95,143.16 3 0
cjwt/opaque/mysql_storage.go:143.16,149.3 1 0
cjwt/opaque/mysql_storage.go:151.2,151.12 1 0
cjwt/opaque/mysql_storage.go:155.90,179.16 6 0
cjwt/opaque/mysql_storage.go:179.16,180.27 1 0
cjwt/opaque/mysql_storage.go:180.27,185.4 1 0
cjwt/opaque/mysql_storage.go:186.3,190.4 1 0
cjwt/opaque/mysql_storage.go:194.2,194.63 1 0
cjwt/opaque/mysql_storage.go:194.63,200.3 1 0
cjwt/opaque/mysql_storage.go:202.2,202.73 1 0
cjwt/opaque/mysql_storage.go:202.73,208.3 1 0
cjwt/opaque/mysql_storage.go:210.2,210.19 1 0
cjwt/opaque/mysql_storage.go:214.96,234.16 3 0
cjwt/opaque/mysql_storage.go:234.16,240.3 1 0
cjwt/opaque/mysql_storage.go:242.2,243.16 2 0
cjwt/opaque/mysql_storage.go:243.16,249.3 1 0
cjwt/opaque/mysql_storage.go:251.2,251.23 1 0
cjwt/opaque/mysql_storage.go:251.23,256.3 1 0
cjwt/opaque/mysql_storage.go:258.2,258.12 1 0
cjwt/opaque/mysql_storage.go:262.73,266.16 3 0
cjwt/opaque/mysql_storage.go:266.16,272.3 1 0
cjwt/opaque/mysql_storage.go:274.2,275.16 2 0
cjwt/opaque/mysql_storage.go:275.16,281.3 1 0
cjwt/opaque/mysql_storage.go:283.2,283.23 1 0
cjwt/opaque/mysql_storage.go:283.23,288.3 1 0
cjwt/opaque/mysql_storage.go:290.2,290.12 1 0
cjwt/opaque/mysql_storage.go:294.101,303.26 3 0
cjwt/opaque/mysql_storage.go:303.26,306.3 2 0
cjwt/opaque/mysql_storage.go:308.2,308.28 1 0
cjwt/opaque/mysql_storage.go:308.28,311.3 2 0
cjwt/opaque/mysql_storage.go:313.2,313.27 1 0
cjwt/opaque/mysql_storage.go:313.27,316.3 2 0
cjwt/opaque/mysql_storage.go:318.2,320.23 2 0
cjwt/opaque/mysql_storage.go:320.23,323.3 2 0
cjwt/opaque/mysql_storage.go:325.2,325.24 1 0
cjwt/opaque/mysql_storage.go:325.24,328.3 2 0
cjwt/opaque/mysql_storage.go:330.2,331.16 2 0
cjwt/opaque/mysql_storage.go:331.16,337.3 1 0
cjwt/opaque/mysql_storage.go:338.2,342.18 3 0
cjwt/opaque/mysql_storage.go:342.18,360.17 5 0
cjwt/opaque/mysql_storage.go:360.17,366.4 1 0
cjwt/opaque/mysql_storage.go:369.3,369.64 1 0
cjwt/opaque/mysql_storage.go:369.64,375.4 1 0
cjwt/opaque/mysql_storage.go:377.3,377.74 1 0
cjwt/opaque/mysql_storage.go:377.74,383.4 1 0
cjwt/opaque/mysql_storage.go:385.3,385.35 1 0
cjwt/opaque/mysql_storage.go:388.2,388.35 1 0
cjwt/opaque/mysql_storage.go:388.35,394.3 1 0
cjwt/opaque/mysql_storage.go:396.2,396.21 1 0
cjwt/opaque/mysql_storage.go:400.74,404.16 3 0
cjwt/opaque/mysql_storage.go:404.16,410.3 1 0
cjwt/opaque/mysql_storage.go:412.2,413.16 2 0
cjwt/opaque/mysql_storage.go:413.16,419.3 1 0
cjwt/opaque/mysql_storage.go:421.2,421.31 1 0
cjwt/opaque/mysql_storage.go:425.39,426.18 1 0
cjwt/opaque/mysql_storage.go:426.18,428.3 1 0
cjwt/opaque/mysql_storage.go:429.2,429.12 1 0
cjwt/opaque/mysql_storage.go:433.59,440.18 2 0
cjwt/opaque/mysql_storage.go:440.18,445.3 4 0
cjwt/opaque/mysql_storage.go:447.2,447.14 1 0
cjwt/opaque/opaque.go:24.50,30.2 1 1
cjwt/opaque/opaque.go:33.95,34.22 1 1
cjwt/opaque/opaque.go:34.22,36.3 1 0
cjwt/opaque/opaque.go:37.2,41.3 1 1
cjwt/opaque/opaque.go:45.118,46.22 1 1
cjwt/opaque/opaque.go:46.22,48.3 1 0
cjwt/opaque/opaque.go:49.2,49.23 1 1
cjwt/opaque/opaque.go:49.23,51.3 1 0
cjwt/opaque/opaque.go:52.2,56.3 1 1
cjwt/opaque/opaque.go:60.100,63.2 2 1
cjwt/opaque/opaque.go:66.132,69.25 2 1
cjwt/opaque/opaque.go:69.25,71.3 1 1
cjwt/opaque/opaque.go:72.2,72.26 1 1
cjwt/opaque/opaque.go:72.26,74.3 1 1
cjwt/opaque/opaque.go:75.2,75.27 1 1
cjwt/opaque/opaque.go:75.27,77.3 1 1
cjwt/opaque/opaque.go:80.2,84.16 3 1
cjwt/opaque/opaque.go:84.16,86.3 1 0
cjwt/opaque/opaque.go:89.2,90.23 2 1
cjwt/opaque/opaque.go:90.23,92.3 1 1
cjwt/opaque/opaque.go:95.2,110.16 3 1
cjwt/opaque/opaque.go:110.16,112.3 1 1
cjwt/opaque/opaque.go:115.2,126.22 2 1
cjwt/opaque/opaque.go:130.85,133.2 2 1
cjwt/opaque/opaque.go:136.117,139.16 2 1
cjwt/opaque/opaque.go:139.16,144.3 1 1
cjwt/opaque/opaque.go:147.2,147.25 1 1
cjwt/opaque/opaque.go:147.25,152.3 1 1
cjwt/opaque/opaque.go:155.2,156.36 2 1
cjwt/opaque/opaque.go:156.36,161.3 1 1
cjwt/opaque/opaque.go:164.2,164.68 1 1
cjwt/opaque/opaque.go:164.68,169.3 1 1
cjwt/opaque/opaque.go:171.2,174.3 1 1
cjwt/opaque/opaque.go:178.79,181.2 2 1
cjwt/opaque/opaque.go:184.111,187.16 2 1
cjwt/opaque/opaque.go:187.16,192.3 1 1
cjwt/opaque/opaque.go:195.2,199.16 3 1
cjwt/opaque/opaque.go:199.16,204.3 1 0
cjwt/opaque/opaque.go:206.2,208.3 1 1
cjwt/opaque/opaque.go:212.86,215.2 2 1
cjwt/opaque/opaque.go:218.118,228.16 3 1
cjwt/opaque/opaque.go:228.16,233.3 1 1
cjwt/opaque/opaque.go:236.2,237.34 2 1
cjwt/opaque/opaque.go:237.34,239.3 1 1
cjwt/opaque/opaque.go:241.2,244.3 1 1
cjwt/opaque/opaque.go:248.59,251.2 2 1
cjwt/opaque/opaque.go:254.89,256.16 2 1
cjwt/opaque/opaque.go:256.16,258.3 1 0
cjwt/opaque/opaque.go:259.2,259.21 1 1
cjwt/opaque/opaque.go:263.52,266.2 2 1
cjwt/opaque/opaque.go:269.82,273.16 3 1
cjwt/opaque/opaque.go:273.16,275.3 1 1
cjwt/opaque/opaque.go:276.2,276.20 1 1
cjwt/opaque/opaque.go:280.46,281.24 1 1
cjwt/opaque/opaque.go:281.24,283.3 1 1
cjwt/opaque/opaque.go:284.2,284.12 1 0
cjwt/opaque/opaque.go:288.58,290.2 1 1
cjwt/opaque/opaque.go:293.95,297.16 3 1
cjwt/opaque/opaque.go:297.16,299.3 1 0
cjwt/opaque/opaque.go:302.2,305.18 2 1
cjwt/opaque/opaque.go:305.18,307.3 1 1
cjwt/opaque/opaque.go:309.2,309.19 1 1
cjwt/opaque/postgresql_storage.go:18.78,30.16 3 0
cjwt/opaque/postgresql_storage.go:30.16,36.3 1 0
cjwt/opaque/postgresql_storage.go:39.2,39.29 1 0
cjwt/opaque/postgresql_storage.go:39.29,41.3 1 0
cjwt/opaque/postgresql_storage.go:42.2,42.29 1 0
cjwt/opaque/postgresql_storage.go:42.29,44.3 1 0
cjwt/opaque/postgresql_storage.go:45.2,45.32 1 0
cjwt/opaque/postgresql_storage.go:45.32,47.3 1 0
cjwt/opaque/postgresql_storage.go:50.2,50.34 1 0
cjwt/opaque/postgresql_storage.go:50.34,56.3 1 0
cjwt/opaque/postgresql_storage.go:58.2,59.28 2 0
cjwt/opaque/postgresql_storage.go:59.28,61.3 1 0
cjwt/opaque/postgresql_storage.go:63.2,69.46 2 0
cjwt/opaque/postgresql_storage.go:69.46,71.3 1 0
cjwt/opaque/postgresql_storage.go:73.2,73.21 1 0
cjwt/opaque/postgresql_storage.go:77.50,96.16 3 0
cjwt/opaque/postgresql_storage.go:96.16,102.3 1 0
cjwt/opaque/postgresql_storage.go:105.2,112.37 2 0
cjwt/opaque/postgresql_storage.go:112.37,113.51 1 0
cjwt/opaque/postgresql_storage.go:113.51,119.4 1 0
cjwt/opaque/postgresql_storage.go:123.2,139.52 2 0
cjwt/opaque/postgresql_storage.go:139.52,145.3 1 0
cjwt/opaque/postgresql_storage.go:147.2,147.12 1 0
cjwt/opaque/postgresql_storage.go:151.100,182.16 3 0
cjwt/opaque/postgresql_storage.go:182.16,188.3 1 0
cjwt/opaque/postgresql_storage.go:190.2,190.12 1 0
cjwt/opaque/postgresql_storage.go:194.95,218.16 6 0
cjwt/opaque/postgresql_storage.go:218.16,219.27 1 0
cjwt/opaque/postgresql_storage.go:219.27,224.4 1 0
cjwt/opaque/postgresql_storage.go:225.3,229.4 1 0
cjwt/opaque/postgresql_storage.go:233.2,233.63 1 0
cjwt/opaque/postgresql_storage.go:233.63,239.3 1 0
cjwt/opaque/postgresql_storage.go:241.2,241.73 1 0
cjwt/opaque/postgresql_storage.go:241.73,247.3 1 0
cjwt/opaque/postgresql_storage.go:249.2,249.19 1 0
cjwt/opaque/postgresql_storage.go:253.101,273.16 3 0
cjwt/opaque/postgresql_storage.go:273.16,279.3 1 0
cjwt/opaque/postgresql_storage.go:281.2,282.16 2 0
cjwt/opaque/postgresql_storage.go:282.16,288.3 1 0
cjwt/opaque/postgresql_storage.go:290.2,290.23 1 0
cjwt/opaque/postgresql_storage.go:290.23,295.3 1 0
cjwt/opaque/postgresql_storage.go:297.2,297.12 1 0
cjwt/opaque/postgresql_storage.go:301.78,305.16 3 0
cjwt/opaque/postgresql_storage.go:305.16,311.3 1 0
cjwt/opaque/postgresql_storage.go:313.2,314.16 2 0
cjwt/opaque/postgresql_storage.go:314.16,320.3 1 0
cjwt/opaque/postgresql_storage.go:322.2,322.23 1 0
cjwt/opaque/postgresql_storage.go:322.23,327.3 1 0
cjwt/opaque/postgresql_storage.go:329.2,329.12 1 0
cjwt/opaque/postgresql_storage.go:333.106,343.26 4 0
cjwt/opaque/postgresql_storage.go:343.26,347.3 3 0
cjwt/opaque/postgresql_storage.go:349.2,349.28 1 0
cjwt/opaque/postgresql_storage.go:349.28,353.3 3 0
cjwt/opaque/postgresql_storage.go:355.2,355.27 1 0
cjwt/opaque/postgresql_storage.go:355.27,359.3 3 0
cjwt/opaque/postgresql_storage.go:361.2,363.23 2 0
cjwt/opaque/postgresql_storage.go:363.23,367.3 3 0
cjwt/opaque/postgresql_storage.go:369.2,369.24 1 0
cjwt/opaque/postgresql_storage.go:369.24,372.3 2 0
cjwt/opaque/postgresql_storage.go:374.2,375.16 2 0
cjwt/opaque/postgresql_storage.go:375.16,381.3 1 0
cjwt/opaque/postgresql_storage.go:382.2,386.18 3 0
cjwt/opaque/postgresql_storage.go:386.18,404.17 5 0
cjwt/opaque/postgresql_storage.go:404.17,410.4 1 0
cjwt/opaque/postgresql_storage.go:413.3,413.64 1 0
cjwt/opaque/postgresql_storage.go:413.64,419.4 1 0
cjwt/opaque/postgresql_storage.go:421.3,421.74 1 0
cjwt/opaque/postgresql_storage.go:421.74,427.4 1 0
cjwt/opaque/postgresql_storage.go:429.3,429.35 1 0
cjwt/opaque/postgresql_storage.go:432.2,432.35 1 0
cjwt/opaque/postgresql_storage.go:432.35,438.3 1 0
cjwt/opaque/postgresql_storage.go:440.2,440.21 1 0
cjwt/opaque/postgresql_storage.go:444.79,448.16 3 0
cjwt/opaque/postgresql_storage.go:448.16,454.3 1 0
cjwt/opaque/postgresql_storage.go:456.2,457.16 2 0
cjwt/opaque/postgresql_storage.go:457.16,463.3 1 0
cjwt/opaque/postgresql_storage.go:465.2,465.31 1 0
cjwt/opaque/postgresql_storage.go:469.44,470.18 1 0
cjwt/opaque/postgresql_storage.go:470.18,472.3 1 0
cjwt/opaque/postgresql_storage.go:473.2,473.12 1 0
cjwt/opaque/postgresql_storage.go:477.64,484.18 2 0
cjwt/opaque/postgresql_storage.go:484.18,489.3 4 0
cjwt/opaque/postgresql_storage.go:491.2,491.14 1 0
cjwt/opaque/storage.go:69.83,70.21 1 1
cjwt/opaque/storage.go:71.16,72.33 1 1
cjwt/opaque/storage.go:73.15,74.33 1 0
cjwt/opaque/storage.go:75.32,76.38 1 0
cjwt/opaque/storage.go:79.10,83.4 1 1
cjwt/opaque/storage.go:94.39,95.18 1 1
cjwt/opaque/storage.go:95.18,97.3 1 1
cjwt/opaque/storage.go:98.2,98.18 1 1
cjwt/opaque/storage.go:101.39,103.2 1 1
